{"logLevel":"debug","message":"multithreading is set to false"}
{"logLevel":"debug","message":"Using reflection to scan dependencies for gauge implementations..."}
{"logLevel":"debug","message":"gauge-java took 1094milliseconds to load and scan. This should be less than 'runner_connection_timeout' config value."}
{"logLevel":"debug","message":"run 'gauge config runner_connection_timeout' and verify that it is < 1094"}
{"logLevel":"debug","message":"starting gRPC server..."}
{"logLevel":"debug","message":"started gRPC server on port 51819"}
{"logLevel":"info","message":"Listening on port:51819"}
{"logLevel":"debug","message":"Scanning packages for steps"}
{"logLevel":"debug","message":"Comparing 'PCWebTestCase1.clickIlSecinizButton' and 'PCWebTestCase1.clickIlSecinizButton'"}
{"logLevel":"debug","message":"Found Konum kısmında yer alan ' İl Seçiniz ' butonuna basılır. in current project scope."}
{"logLevel":"debug","message":"Comparing 'PCWebTestCase1.clickBinaYasiSecinizButton' and 'PCWebTestCase1.clickBinaYasiSecinizButton'"}
{"logLevel":"debug","message":"Found 'Bina Yaşı Seçiniz' butonuna tıklanır. in current project scope."}
{"logLevel":"debug","message":"Comparing 'PCWebTestCase1.sendMaxFiyat' and 'PCWebTestCase1.sendMaxFiyat'"}
{"logLevel":"debug","message":"Found Maximum fiyat bilgisi {} olarak girilir. in current project scope."}
{"logLevel":"debug","message":"Comparing 'PCWebTestCase1.clickIlceSeciniz' and 'PCWebTestCase1.clickIlceSeciniz'"}
{"logLevel":"debug","message":"Found Konum kısmında yer alan ' İlçe Seçiniz ' butonuna basılır. in current project scope."}
{"logLevel":"debug","message":"Comparing 'PCWebTestCase1.tagIlceAssertion' and 'PCWebTestCase1.tagIlceAssertion'"}
{"logLevel":"debug","message":"Found Tag kısmında ilçe = Bornova kontrolü yapılır. in current project scope."}
{"logLevel":"debug","message":"Comparing 'PCWebTestCase1.clickIsyeri' and 'PCWebTestCase1.clickIsyeri'"}
{"logLevel":"debug","message":"Found Kategori olarak ' İşyeri ' seçilir. in current project scope."}
{"logLevel":"debug","message":"Comparing 'PCWebTestCase1.tagIlAssertion' and 'PCWebTestCase1.tagIlAssertion'"}
{"logLevel":"debug","message":"Found Tag Kısmında il = İzmir kontrolü yapılır. in current project scope."}
{"logLevel":"debug","message":"Comparing 'PCWebTestCase1.waitForSecond' and 'PCWebTestCase1.waitForSecond'"}
{"logLevel":"debug","message":"Found {} Saniye kadar bekle. in current project scope."}
{"logLevel":"debug","message":"Comparing 'PCWebTestCase1.sendMinFiyat' and 'PCWebTestCase1.sendMinFiyat'"}
{"logLevel":"debug","message":"Found Minimum fiyat bilgisi {} olarak girilir. in current project scope."}
{"logLevel":"debug","message":"Comparing 'PCWebTestCase1.clickBirBesBina' and 'PCWebTestCase1.clickBirBesBina'"}
{"logLevel":"debug","message":"Found 1-5 saçeneği seçilir. in current project scope."}
{"logLevel":"debug","message":"Comparing 'PCWebTestCase1.clickAltiOnBina' and 'PCWebTestCase1.clickAltiOnBina'"}
{"logLevel":"debug","message":"Found 6-10 saçeneği seçilir. in current project scope."}
{"logLevel":"debug","message":"Comparing 'PCWebTestCase1.clickIzmır' and 'PCWebTestCase1.clickIzmır'"}
{"logLevel":"debug","message":"Found İzmir seçilir. in current project scope."}
{"logLevel":"debug","message":"Comparing 'PCWebTestCase1.clickBornova' and 'PCWebTestCase1.clickBornova'"}
{"logLevel":"debug","message":"Found Bornova seçilir. in current project scope."}
{"logLevel":"debug","message":"Comparing 'PCWebTestCase1.clickSatilikButton' and 'PCWebTestCase1.clickSatilikButton'"}
{"logLevel":"debug","message":"Found Satılık butonuna basılır. in current project scope."}
{"logLevel":"debug","message":"Comparing 'PCWebTestCase1.clickSifirBina' and 'PCWebTestCase1.clickSifirBina'"}
{"logLevel":"debug","message":"Found Sıfır Bina saçeneği seçilir. in current project scope."}
{"logLevel":"debug","message":"Comparing 'PCWebTestCase1.clickAraButton' and 'PCWebTestCase1.clickAraButton'"}
{"logLevel":"debug","message":"Found Ara butonuna basılır. in current project scope."}
{"logLevel":"debug","message":"Scanning packages for hooks"}
{"logLevel":"debug","message":"Scanned steps (using static parsing + reflections): "}
{"logLevel":"debug","message":"\tSatılık butonuna basılır. : public void clickSatilikButton()"}
{"logLevel":"debug","message":"\tMinimum fiyat bilgisi {} olarak girilir. : public void sendMinFiyat(String cost)"}
{"logLevel":"debug","message":"\t'Bina Yaşı Seçiniz' butonuna tıklanır. : public void clickBinaYasiSecinizButton()"}
{"logLevel":"debug","message":"\tTag kısmında ilçe = Bornova kontrolü yapılır. : public void tagIlceAssertion()"}
{"logLevel":"debug","message":"\tİzmir seçilir. : public void clickIzmır()"}
{"logLevel":"debug","message":"\tMaximum fiyat bilgisi {} olarak girilir. : public void sendMaxFiyat(String cost)"}
{"logLevel":"debug","message":"\tKonum kısmında yer alan ' İlçe Seçiniz ' butonuna basılır. : public void clickIlceSeciniz()"}
{"logLevel":"debug","message":"\tSıfır Bina saçeneği seçilir. : public void clickSifirBina()"}
{"logLevel":"debug","message":"\tAra butonuna basılır. : public void clickAraButton()"}
{"logLevel":"debug","message":"\t1-5 saçeneği seçilir. : public void clickBirBesBina()"}
{"logLevel":"debug","message":"\tKategori olarak ' İşyeri ' seçilir. : public void clickIsyeri()"}
{"logLevel":"debug","message":"\tBornova seçilir. : public void clickBornova()"}
{"logLevel":"debug","message":"\tTag Kısmında il = İzmir kontrolü yapılır. : public void tagIlAssertion()"}
{"logLevel":"debug","message":"\tKonum kısmında yer alan ' İl Seçiniz ' butonuna basılır. : public void clickIlSecinizButton()"}
{"logLevel":"debug","message":"\t6-10 saçeneği seçilir. : public void clickAltiOnBina()"}
{"logLevel":"debug","message":"\t{} Saniye kadar bekle. : public void waitForSecond(ınt second) throws InterruptedException"}
