{"logLevel":"debug","message":"multithreading is set to false"}
{"logLevel":"debug","message":"Using reflection to scan dependencies for gauge implementations..."}
{"logLevel":"debug","message":"gauge-java took 1132milliseconds to load and scan. This should be less than 'runner_connection_timeout' config value."}
{"logLevel":"debug","message":"run 'gauge config runner_connection_timeout' and verify that it is < 1132"}
{"logLevel":"debug","message":"starting gRPC server..."}
{"logLevel":"debug","message":"started gRPC server on port 59143"}
{"logLevel":"info","message":"Listening on port:59143"}
{"logLevel":"debug","message":"Scanning packages for steps"}
{"logLevel":"debug","message":"Comparing 'PCWebTestCase1.clickIlSecinizButton' and 'PCWebTestCase1.clickIlSecinizButton'"}
{"logLevel":"debug","message":"Found Konum kısmında yer alan ' İl Seçiniz ' butonuna basılır. in current project scope."}
{"logLevel":"debug","message":"Comparing 'PCWebTestCase1.clickBinaYasiSecinizButton' and 'PCWebTestCase1.clickBinaYasiSecinizButton'"}
{"logLevel":"debug","message":"Found 'Bina Yaşı Seçiniz' butonuna tıklanır. in current project scope."}
{"logLevel":"debug","message":"Comparing 'PCWebTestCase1.sendMaxFiyat' and 'PCWebTestCase1.sendMaxFiyat'"}
{"logLevel":"debug","message":"Found Maximum fiyat bilgisi {} olarak girilir. in current project scope."}
{"logLevel":"debug","message":"Comparing 'PCWebTestCase1.clickIlceSeciniz' and 'PCWebTestCase1.clickIlceSeciniz'"}
{"logLevel":"debug","message":"Found Konum kısmında yer alan ' İlçe Seçiniz ' butonuna basılır. in current project scope."}
{"logLevel":"debug","message":"Comparing 'PCWebTestCase1.tagIlceAssertion' and 'PCWebTestCase1.tagIlceAssertion'"}
{"logLevel":"debug","message":"Found Tag kısmında ilçe = Bornova kontrolü yapılır. in current project scope."}
{"logLevel":"debug","message":"Comparing 'PCWebTestCase1.clickIsyeri' and 'PCWebTestCase1.clickIsyeri'"}
{"logLevel":"debug","message":"Found Kategori olarak ' İşyeri ' seçilir. in current project scope."}
{"logLevel":"debug","message":"Comparing 'PCWebTestCase1.tagIlAssertion' and 'PCWebTestCase1.tagIlAssertion'"}
{"logLevel":"debug","message":"Found Tag Kısmında il = İzmir kontrolü yapılır. in current project scope."}
{"logLevel":"debug","message":"Comparing 'PCWebTestCase1.waitForSecond' and 'PCWebTestCase1.waitForSecond'"}
{"logLevel":"debug","message":"Found {} Saniye kadar bekle. in current project scope."}
{"logLevel":"debug","message":"Comparing 'PCWebTestCase1.tagBinaYasiBirBesAssertion' and 'PCWebTestCase1.tagBinaYasiBirBesAssertion'"}
{"logLevel":"debug","message":"Found Tag kısmında Bina Yaşı = 1-5 kontrolü yapılır. in current project scope."}
{"logLevel":"debug","message":"Comparing 'PCWebTestCase1.sendMinFiyat' and 'PCWebTestCase1.sendMinFiyat'"}
{"logLevel":"debug","message":"Found Minimum fiyat bilgisi {} olarak girilir. in current project scope."}
{"logLevel":"debug","message":"Comparing 'PCWebTestCase1.clickBirBesBina' and 'PCWebTestCase1.clickBirBesBina'"}
{"logLevel":"debug","message":"Found 1-5 saçeneği seçilir. in current project scope."}
{"logLevel":"debug","message":"Comparing 'PCWebTestCase1.tagFiyatAssertion' and 'PCWebTestCase1.tagFiyatAssertion'"}
{"logLevel":"debug","message":"Found Tag kısmında Fiyet = 100.000 TL - 2.000.000 TL kontrolü yapılır. in current project scope."}
{"logLevel":"debug","message":"Comparing 'PCWebTestCase1.clickAltiOnBina' and 'PCWebTestCase1.clickAltiOnBina'"}
{"logLevel":"debug","message":"Found 6-10 saçeneği seçilir. in current project scope."}
{"logLevel":"debug","message":"Comparing 'PCWebTestCase1.clickIzmır' and 'PCWebTestCase1.clickIzmır'"}
{"logLevel":"debug","message":"Found İzmir seçilir. in current project scope."}
{"logLevel":"debug","message":"Comparing 'PCWebTestCase1.clickBornova' and 'PCWebTestCase1.clickBornova'"}
{"logLevel":"debug","message":"Found Bornova seçilir. in current project scope."}
{"logLevel":"debug","message":"Comparing 'PCWebTestCase1.clickSatilikButton' and 'PCWebTestCase1.clickSatilikButton'"}
{"logLevel":"debug","message":"Found Satılık butonuna basılır. in current project scope."}
{"logLevel":"debug","message":"Comparing 'PCWebTestCase1.tagKategoriAssertion' and 'PCWebTestCase1.tagKategoriAssertion'"}
{"logLevel":"debug","message":"Found Tag kısmında Kategori = İşyeri kontrolü yapılır. in current project scope."}
{"logLevel":"debug","message":"Comparing 'PCWebTestCase1.tagBinaYasiSifirAssertion' and 'PCWebTestCase1.tagBinaYasiSifirAssertion'"}
{"logLevel":"debug","message":"Found Tag kısmında Bina Yaşı = Sıfır Bina kontrolü yapılır. in current project scope."}
{"logLevel":"debug","message":"Comparing 'PCWebTestCase1.clickSifirBina' and 'PCWebTestCase1.clickSifirBina'"}
{"logLevel":"debug","message":"Found Sıfır Bina saçeneği seçilir. in current project scope."}
{"logLevel":"debug","message":"Comparing 'PCWebTestCase1.clickAraButton' and 'PCWebTestCase1.clickAraButton'"}
{"logLevel":"debug","message":"Found Ara butonuna basılır. in current project scope."}
{"logLevel":"debug","message":"Scanning packages for hooks"}
{"logLevel":"debug","message":"Scanned steps (using static parsing + reflections): "}
{"logLevel":"debug","message":"\tSatılık butonuna basılır. : public void clickSatilikButton()"}
{"logLevel":"debug","message":"\tMinimum fiyat bilgisi {} olarak girilir. : public void sendMinFiyat(String cost)"}
{"logLevel":"debug","message":"\t'Bina Yaşı Seçiniz' butonuna tıklanır. : public void clickBinaYasiSecinizButton()"}
{"logLevel":"debug","message":"\tTag kısmında ilçe = Bornova kontrolü yapılır. : public void tagIlceAssertion()"}
{"logLevel":"debug","message":"\tİzmir seçilir. : public void clickIzmır()"}
{"logLevel":"debug","message":"\tMaximum fiyat bilgisi {} olarak girilir. : public void sendMaxFiyat(String cost)"}
{"logLevel":"debug","message":"\tKonum kısmında yer alan ' İlçe Seçiniz ' butonuna basılır. : public void clickIlceSeciniz()"}
{"logLevel":"debug","message":"\tSıfır Bina saçeneği seçilir. : public void clickSifirBina()"}
{"logLevel":"debug","message":"\tAra butonuna basılır. : public void clickAraButton()"}
{"logLevel":"debug","message":"\t1-5 saçeneği seçilir. : public void clickBirBesBina()"}
{"logLevel":"debug","message":"\tKategori olarak ' İşyeri ' seçilir. : public void clickIsyeri()"}
{"logLevel":"debug","message":"\tBornova seçilir. : public void clickBornova()"}
{"logLevel":"debug","message":"\tTag kısmında Fiyet = 100.000 TL - 2.000.000 TL kontrolü yapılır. : public void tagFiyatAssertion()"}
{"logLevel":"debug","message":"\tTag kısmında Bina Yaşı = Sıfır Bina kontrolü yapılır. : public void tagBinaYasiSifirAssertion()"}
{"logLevel":"debug","message":"\tTag kısmında Bina Yaşı = 1-5 kontrolü yapılır. : public void tagBinaYasiBirBesAssertion()"}
{"logLevel":"debug","message":"\tTag Kısmında il = İzmir kontrolü yapılır. : public void tagIlAssertion()"}
{"logLevel":"debug","message":"\tTag kısmında Kategori = İşyeri kontrolü yapılır. : public void tagKategoriAssertion()"}
{"logLevel":"debug","message":"\tKonum kısmında yer alan ' İl Seçiniz ' butonuna basılır. : public void clickIlSecinizButton()"}
{"logLevel":"debug","message":"\t6-10 saçeneği seçilir. : public void clickAltiOnBina()"}
{"logLevel":"debug","message":"\t{} Saniye kadar bekle. : public void waitForSecond(ınt second) throws InterruptedException"}
Starting ChromeDriver 90.0.4430.24 (4c6d850f087da467d926e8eddb76550aed655991-refs/branch-heads/4430@{#429}) on port 33154
Only local connections are allowed.
Please see https://chromedriver.chromium.org/security-considerations for suggestions on keeping ChromeDriver safe.
ChromeDriver was started successfully.
[1623929768.491][WARNING]: This version of ChromeDriver has not been tested with Chrome version 91.
Haz 17, 2021 2:36:08 PM org.openqa.selenium.remote.ProtocolHandshake createSession
INFO: Detected dialect: W3C
{"logLevel":"debug","message":"Executing 'Satılık butonuna basılır.' using 'class PCWebTestCase1.clickSatilikButton"}
{"logLevel":"debug","message":"Executing '{} Saniye kadar bekle.' using 'class PCWebTestCase1.waitForSecond"}
{"logLevel":"debug","message":"Executing 'Konum kısmında yer alan ' İl Seçiniz ' butonuna basılır.' using 'class PCWebTestCase1.clickIlSecinizButton"}
{"logLevel":"debug","message":"Executing 'İzmir seçilir.' using 'class PCWebTestCase1.clickIzmır"}
{"logLevel":"debug","message":"Executing '{} Saniye kadar bekle.' using 'class PCWebTestCase1.waitForSecond"}
{"logLevel":"debug","message":"Executing 'Konum kısmında yer alan ' İlçe Seçiniz ' butonuna basılır.' using 'class PCWebTestCase1.clickIlceSeciniz"}
{"logLevel":"debug","message":"Executing 'Bornova seçilir.' using 'class PCWebTestCase1.clickBornova"}
{"logLevel":"debug","message":"Executing 'Kategori olarak ' İşyeri ' seçilir.' using 'class PCWebTestCase1.clickIsyeri"}
{"logLevel":"debug","message":"Executing '{} Saniye kadar bekle.' using 'class PCWebTestCase1.waitForSecond"}
{"logLevel":"debug","message":"Executing 'Minimum fiyat bilgisi {} olarak girilir.' using 'class PCWebTestCase1.sendMinFiyat"}
{"logLevel":"debug","message":"Executing 'Maximum fiyat bilgisi {} olarak girilir.' using 'class PCWebTestCase1.sendMaxFiyat"}
{"logLevel":"debug","message":"Executing ''Bina Yaşı Seçiniz' butonuna tıklanır.' using 'class PCWebTestCase1.clickBinaYasiSecinizButton"}
{"logLevel":"debug","message":"Executing 'Sıfır Bina saçeneği seçilir.' using 'class PCWebTestCase1.clickSifirBina"}
{"logLevel":"debug","message":"Executing '1-5 saçeneği seçilir.' using 'class PCWebTestCase1.clickBirBesBina"}
{"logLevel":"debug","message":"Executing '6-10 saçeneği seçilir.' using 'class PCWebTestCase1.clickAltiOnBina"}
{"logLevel":"debug","message":"Executing 'Ara butonuna basılır.' using 'class PCWebTestCase1.clickAraButton"}
{"logLevel":"debug","message":"Executing 'Tag Kısmında il = İzmir kontrolü yapılır.' using 'class PCWebTestCase1.tagIlAssertion"}
{"logLevel":"debug","message":"Executing 'Tag kısmında ilçe = Bornova kontrolü yapılır.' using 'class PCWebTestCase1.tagIlceAssertion"}
{"logLevel":"debug","message":"Executing 'Tag kısmında Kategori = İşyeri kontrolü yapılır.' using 'class PCWebTestCase1.tagKategoriAssertion"}
{"logLevel":"debug","message":"Executing 'Tag kısmında Fiyet = 100.000 TL - 2.000.000 TL kontrolü yapılır.' using 'class PCWebTestCase1.tagFiyatAssertion"}
{"logLevel":"debug","message":"Killing Java runner..."}
{"logLevel":"debug","message":"Stopping execution pool..."}
{"logLevel":"debug","message":"Shutting down grpc server..."}
{"logLevel":"debug","message":"Runner killed gracefully."}
